This is pdfTeX, Version 3.1415926-2.6-1.40.14 (TeX Live 2014/dev) (format=pdflatex 2015.6.29)  6 JUL 2015 04:31
entering extended mode
 restricted \write18 enabled.
 %&-line parsing enabled.
**cic-tc.tex
(./cic-tc.tex
LaTeX2e <2011/06/27>
Babel <3.9h> and hyphenation patterns for 2 languages loaded.
(/home/anderson/texmf/tex/latex/iiufrgs/iiufrgs.cls
Document Class: iiufrgs 2010/08/13 v4.4.0 Formatacao de documentos para o II/UF
RGS
(/usr/share/texlive/texmf-dist/tex/latex/base/report.cls
Document Class: report 2007/10/19 v1.4h Standard LaTeX document class
(/usr/share/texlive/texmf-dist/tex/latex/base/size12.clo
File: size12.clo 2007/10/19 v1.4h Standard LaTeX file (size option)
)
\c@part=\count79
\c@chapter=\count80
\c@section=\count81
\c@subsection=\count82
\c@subsubsection=\count83
\c@paragraph=\count84
\c@subparagraph=\count85
\c@figure=\count86
\c@table=\count87
\abovecaptionskip=\skip41
\belowcaptionskip=\skip42
\bibindent=\dimen102
)
(/usr/share/texlive/texmf-dist/tex/latex/tools/xspace.sty
Package: xspace 2009/10/20 v1.13 Space after command names (DPC,MH)
)
(/usr/share/texlive/texmf-dist/tex/latex/graphics/keyval.sty
Package: keyval 1999/03/16 v1.13 key=value parser (DPC)
\KV@toks@=\toks14
)
(/usr/share/texlive/texmf-dist/tex/latex/base/fixltx2e.sty
Package: fixltx2e 2006/09/13 v1.1m fixes to LaTeX
LaTeX Info: Redefining \em on input line 420.
)
(/usr/share/texlive/texmf-dist/tex/generic/babel/babel.sty
Package: babel 2013/12/03 3.9h The Babel package

(/usr/share/texlive/texmf-dist/tex/generic/babel-english/english.ldf
Language: english 2012/08/20 v3.3p English support from the babel system

(/usr/share/texlive/texmf-dist/tex/generic/babel/babel.def
File: babel.def 2013/12/03 3.9h Babel common definitions
\babel@savecnt=\count88
\U@D=\dimen103
)
\l@british = a dialect from \language\l@english 
\l@UKenglish = a dialect from \language\l@english 
\l@canadian = a dialect from \language\l@american 
\l@australian = a dialect from \language\l@british 
\l@newzealand = a dialect from \language\l@british 
)
(/usr/share/texlive/texmf-dist/tex/generic/babel-portuges/portuges.ldf
Language: portuges 2008/03/18 v1.2q Portuguese support from the babel system


Package babel Warning: No hyphenation patterns were preloaded for
(babel)                the language `Portuguese' into the format.
(babel)                Please, configure your TeX system to add them and
(babel)                rebuild the format. Now I will use the patterns
(babel)                preloaded for english instead on input line 55.

\l@portuges = a dialect from \language0
\l@brazilian = a dialect from \language\l@portuges 
Package babel Info: Making " an active character on input line 145.
)) (/home/anderson/texmf/tex/latex/iiufrgs/brazilian.babel)
(/home/anderson/texmf/tex/latex/iiufrgs/english.babel) (./lastpage.sty
Package: lastpage 2013/01/28 v1.2l Refers to last page's name (HMM; JPG)
)
(/usr/share/texlive/texmf-dist/tex/latex/tools/indentfirst.sty
Package: indentfirst 1995/11/23 v1.03 Indent first paragraph (DPC)
)
(/home/anderson/texmf/tex/latex/iiufrgs/iidefs.sty
Package: iidefs 

(/usr/share/texlive/texmf-dist/tex/latex/graphics/graphicx.sty
Package: graphicx 1999/02/16 v1.0f Enhanced LaTeX Graphics (DPC,SPQR)

(/usr/share/texlive/texmf-dist/tex/latex/graphics/graphics.sty
Package: graphics 2009/02/05 v1.0o Standard LaTeX Graphics (DPC,SPQR)

(/usr/share/texlive/texmf-dist/tex/latex/graphics/trig.sty
Package: trig 1999/03/16 v1.09 sin cos tan (DPC)
)
(/usr/share/texlive/texmf-dist/tex/latex/latexconfig/graphics.cfg
File: graphics.cfg 2010/04/23 v1.9 graphics configuration of TeX Live
)
Package graphics Info: Driver file: pdftex.def on input line 91.

(/usr/share/texlive/texmf-dist/tex/latex/pdftex-def/pdftex.def
File: pdftex.def 2011/05/27 v0.06d Graphics/color for pdfTeX

(/usr/share/texlive/texmf-dist/tex/generic/oberdiek/infwarerr.sty
Package: infwarerr 2010/04/08 v1.3 Providing info/warning/error messages (HO)
)
(/usr/share/texlive/texmf-dist/tex/generic/oberdiek/ltxcmds.sty
Package: ltxcmds 2011/11/09 v1.22 LaTeX kernel commands for general use (HO)
)
\Gread@gobject=\count89
))
\Gin@req@height=\dimen104
\Gin@req@width=\dimen105
))
(/usr/share/texlive/texmf-dist/tex/latex/setspace/setspace.sty
Package: setspace 2011/12/19 v6.7a set line spacing
)
(/usr/share/texlive/texmf-dist/tex/latex/ccaption/ccaption.sty
Package: ccaption 2011/08/07 v3.2c Extended captioning and new floats
\@contcwidth=\skip43
\@contindw=\skip44
\abovelegendskip=\skip45
\belowlegendskip=\skip46
\c@newflo@tctr=\count90
)
(/usr/share/texlive/texmf-dist/tex/latex/titlesec/titlesec.sty
Package: titlesec 2011/12/15 v2.10.0 Sectioning titles
\ttl@box=\box26
\beforetitleunit=\skip47
\aftertitleunit=\skip48
\ttl@plus=\dimen106
\ttl@minus=\dimen107
\ttl@toksa=\toks15
\titlewidth=\dimen108
\titlewidthlast=\dimen109
\titlewidthfirst=\dimen110
)
(/usr/share/texlive/texmf-dist/tex/latex/fancyhdr/fancyhdr.sty
\fancy@headwidth=\skip49
\f@ncyO@elh=\skip50
\f@ncyO@erh=\skip51
\f@ncyO@olh=\skip52
\f@ncyO@orh=\skip53
\f@ncyO@elf=\skip54
\f@ncyO@erf=\skip55
\f@ncyO@olf=\skip56
\f@ncyO@orf=\skip57
)
(/usr/share/texlive/texmf-dist/tex/latex/koma-script/tocstyle.sty
Package: tocstyle 2009/11/09 v0.2d-alpha LaTeX2e KOMA-Script package (versatile
 toc styles)


Package tocstyle Warning: THIS IS AN ALPHA VERSION!
(tocstyle)                USAGE OF THIS VERSION IS ON YOUR OWN RISK!
(tocstyle)                EVERYTHING MAY HAPPEN!
(tocstyle)                EVERYTHING MAY CHANGE IN FUTURE!
(tocstyle)                THERE IS NO SUPPORT, IF YOU USE THIS PACKAGE!
(tocstyle)                Maybe it would be better, not to load this package.

\tocstyle@indentstyle=\count91
Package tocstyle Info: no tocstyle.cfg found on input line 838.
)
exclude: 
exclude: 
exclude: 
exclude: 
exclude: 
(/usr/share/texlive/texmf-dist/tex/latex/hyperref/hyperref.sty
Package: hyperref 2012/11/06 v6.83m Hypertext links for LaTeX

(/usr/share/texlive/texmf-dist/tex/generic/oberdiek/hobsub-hyperref.sty
Package: hobsub-hyperref 2012/05/28 v1.13 Bundle oberdiek, subset hyperref (HO)


(/usr/share/texlive/texmf-dist/tex/generic/oberdiek/hobsub-generic.sty
Package: hobsub-generic 2012/05/28 v1.13 Bundle oberdiek, subset generic (HO)
Package: hobsub 2012/05/28 v1.13 Construct package bundles (HO)
Package hobsub Info: Skipping package `infwarerr' (already loaded).
Package hobsub Info: Skipping package `ltxcmds' (already loaded).
Package: ifluatex 2010/03/01 v1.3 Provides the ifluatex switch (HO)
Package ifluatex Info: LuaTeX not detected.
Package: ifvtex 2010/03/01 v1.5 Detect VTeX and its facilities (HO)
Package ifvtex Info: VTeX not detected.
Package: intcalc 2007/09/27 v1.1 Expandable calculations with integers (HO)
Package: ifpdf 2011/01/30 v2.3 Provides the ifpdf switch (HO)
Package ifpdf Info: pdfTeX in PDF mode is detected.
Package: etexcmds 2011/02/16 v1.5 Avoid name clashes with e-TeX commands (HO)
Package etexcmds Info: Could not find \expanded.
(etexcmds)             That can mean that you are not using pdfTeX 1.50 or
(etexcmds)             that some package has redefined \expanded.
(etexcmds)             In the latter case, load this package earlier.
Package: kvsetkeys 2012/04/25 v1.16 Key value parser (HO)
Package: kvdefinekeys 2011/04/07 v1.3 Define keys (HO)
Package: pdftexcmds 2011/11/29 v0.20 Utility functions of pdfTeX for LuaTeX (HO
)
Package pdftexcmds Info: LuaTeX not detected.
Package pdftexcmds Info: \pdf@primitive is available.
Package pdftexcmds Info: \pdf@ifprimitive is available.
Package pdftexcmds Info: \pdfdraftmode found.
Package: pdfescape 2011/11/25 v1.13 Implements pdfTeX's escape features (HO)
Package: bigintcalc 2012/04/08 v1.3 Expandable calculations on big integers (HO
)
Package: bitset 2011/01/30 v1.1 Handle bit-vector datatype (HO)
Package: uniquecounter 2011/01/30 v1.2 Provide unlimited unique counter (HO)
)
Package hobsub Info: Skipping package `hobsub' (already loaded).
Package: letltxmacro 2010/09/02 v1.4 Let assignment for LaTeX macros (HO)
Package: hopatch 2012/05/28 v1.2 Wrapper for package hooks (HO)
Package: xcolor-patch 2011/01/30 xcolor patch
Package: atveryend 2011/06/30 v1.8 Hooks at the very end of document (HO)
Package atveryend Info: \enddocument detected (standard20110627).
Package: atbegshi 2011/10/05 v1.16 At begin shipout hook (HO)
Package: refcount 2011/10/16 v3.4 Data extraction from label references (HO)
Package: hycolor 2011/01/30 v1.7 Color options for hyperref/bookmark (HO)
)
(/usr/share/texlive/texmf-dist/tex/generic/ifxetex/ifxetex.sty
Package: ifxetex 2010/09/12 v0.6 Provides ifxetex conditional
)
(/usr/share/texlive/texmf-dist/tex/latex/oberdiek/auxhook.sty
Package: auxhook 2011/03/04 v1.3 Hooks for auxiliary files (HO)
)
(/usr/share/texlive/texmf-dist/tex/latex/oberdiek/kvoptions.sty
Package: kvoptions 2011/06/30 v3.11 Key value format for package options (HO)
)
\@linkdim=\dimen111
\Hy@linkcounter=\count92
\Hy@pagecounter=\count93

(/usr/share/texlive/texmf-dist/tex/latex/hyperref/pd1enc.def
File: pd1enc.def 2012/11/06 v6.83m Hyperref: PDFDocEncoding definition (HO)
)
\Hy@SavedSpaceFactor=\count94

(/usr/share/texlive/texmf-dist/tex/latex/latexconfig/hyperref.cfg
File: hyperref.cfg 2002/06/06 v1.2 hyperref configuration of TeXLive
)
Package hyperref Info: Option `bookmarksnumbered' set `true' on input line 4319
.
Package hyperref Info: Option `breaklinks' set `true' on input line 4319.
Package hyperref Info: Option `unicode' set `true' on input line 4319.

(/usr/share/texlive/texmf-dist/tex/latex/hyperref/puenc.def
File: puenc.def 2012/11/06 v6.83m Hyperref: PDF Unicode definition (HO)
)
Package hyperref Info: Option `colorlinks' set `true' on input line 4319.
Package hyperref Info: Hyper figures OFF on input line 4443.
Package hyperref Info: Link nesting OFF on input line 4448.
Package hyperref Info: Hyper index ON on input line 4451.
Package hyperref Info: Plain pages OFF on input line 4458.
Package hyperref Info: Backreferencing OFF on input line 4463.
Package hyperref Info: Implicit mode ON; LaTeX internals redefined.
Package hyperref Info: Bookmarks ON on input line 4688.
\c@Hy@tempcnt=\count95

(/usr/share/texlive/texmf-dist/tex/latex/url/url.sty
\Urlmuskip=\muskip10
Package: url 2006/04/12  ver 3.3  Verb mode for urls, etc.
)
LaTeX Info: Redefining \url on input line 5041.
\XeTeXLinkMargin=\dimen112
\Fld@menulength=\count96
\Field@Width=\dimen113
\Fld@charsize=\dimen114
Package hyperref Info: Hyper figures OFF on input line 6295.
Package hyperref Info: Link nesting OFF on input line 6300.
Package hyperref Info: Hyper index ON on input line 6303.
Package hyperref Info: backreferencing OFF on input line 6310.
Package hyperref Info: Link coloring ON on input line 6313.
Package hyperref Info: Link coloring with OCG OFF on input line 6320.
Package hyperref Info: PDF/A mode OFF on input line 6325.
LaTeX Info: Redefining \ref on input line 6365.
LaTeX Info: Redefining \pageref on input line 6369.
\Hy@abspage=\count97
\c@Item=\count98
\c@Hfootnote=\count99
)

Package hyperref Message: Driver (autodetected): hpdftex.

(/usr/share/texlive/texmf-dist/tex/latex/hyperref/hpdftex.def
File: hpdftex.def 2012/11/06 v6.83m Hyperref driver for pdfTeX
\Fld@listcount=\count100
\c@bookmark@seq@number=\count101

(/usr/share/texlive/texmf-dist/tex/latex/oberdiek/rerunfilecheck.sty
Package: rerunfilecheck 2011/04/15 v1.7 Rerun checks for auxiliary files (HO)
Package uniquecounter Info: New unique counter `rerunfilecheck' on input line 2
82.
)
\Hy@SectionHShift=\skip58
)
(/usr/share/texlive/texmf-dist/tex/latex/oberdiek/hypcap.sty
Package: hypcap 2011/02/16 v1.11 Adjusting the anchors of captions (HO)
)
(/usr/share/texlive/texmf-dist/tex/latex/psnfss/times.sty
Package: times 2005/04/12 PSNFSS-v9.2a (SPQR) 
)
(/usr/share/texlive/texmf-dist/tex/latex/base/fontenc.sty
Package: fontenc 2005/09/27 v1.99g Standard LaTeX package

(/usr/share/texlive/texmf-dist/tex/latex/base/t1enc.def
File: t1enc.def 2005/09/27 v1.99g Standard LaTeX file
LaTeX Font Info:    Redeclaring font encoding T1 on input line 43.
))
(/home/anderson/texmf/tex/latex/iiufrgs/abntex2cite.sty
Package: abntex2cite 2014/01/26 v1.9.2 abnTeX2

(/usr/share/texlive/texmf-dist/tex/latex/base/ifthen.sty
Package: ifthen 2001/05/26 v1.1c Standard LaTeX ifthen package (DPC)
)
(/usr/share/texlive/texmf-dist/tex/latex/tools/calc.sty
Package: calc 2007/08/22 v4.3 Infix arithmetic (KKT,FJ)
\calc@Acount=\count102
\calc@Bcount=\count103
\calc@Adimen=\dimen115
\calc@Bdimen=\dimen116
\calc@Askip=\skip59
\calc@Bskip=\skip60
LaTeX Info: Redefining \setlength on input line 76.
LaTeX Info: Redefining \addtolength on input line 77.
\calc@Ccount=\count104
\calc@Cskip=\skip61
)
(/home/anderson/texmf/tex/latex/iiufrgs/abntex2abrev.sty)
(/usr/share/texlive/texmf-dist/tex/latex/l3packages/xparse/xparse.sty
(/usr/share/texlive/texmf-dist/tex/latex/l3kernel/expl3.sty
(/usr/share/texlive/texmf-dist/tex/latex/l3kernel/l3names.sty
(/usr/share/texlive/texmf-dist/tex/latex/l3kernel/l3bootstrap.sty
Package: l3bootstrap 2013/07/28 v4581 L3 Experimental bootstrap code
)
Package: l3names 2012/12/07 v4346 L3 Namespace for primitives
)
(/usr/share/texlive/texmf-dist/tex/latex/etex-pkg/etex.sty
Package: etex 1998/03/26 v2.0 eTeX basic definition package (PEB)
\et@xins=\count105
)
Package: expl3 2013/11/19 v4610 L3 Experimental code bundle wrapper

(/usr/share/texlive/texmf-dist/tex/latex/l3kernel/l3basics.sty
Package: l3basics 2013/07/28 v4581 L3 Basic definitions
)
(/usr/share/texlive/texmf-dist/tex/latex/l3kernel/l3expan.sty
Package: l3expan 2013/08/17 v4584 L3 Argument expansion
)
(/usr/share/texlive/texmf-dist/tex/latex/l3kernel/l3tl.sty
Package: l3tl 2013/09/16 v4592 L3 Token lists
)
(/usr/share/texlive/texmf-dist/tex/latex/l3kernel/l3seq.sty
Package: l3seq 2013/07/28 v4581 L3 Sequences and stacks
)
(/usr/share/texlive/texmf-dist/tex/latex/l3kernel/l3int.sty
Package: l3int 2013/08/02 v4583 L3 Integers
\c_max_int=\count106
\l_tmpa_int=\count107
\l_tmpb_int=\count108
\g_tmpa_int=\count109
\g_tmpb_int=\count110
)
(/usr/share/texlive/texmf-dist/tex/latex/l3kernel/l3quark.sty
Package: l3quark 2013/07/21 v4564 L3 Quarks
)
(/usr/share/texlive/texmf-dist/tex/latex/l3kernel/l3prg.sty
Package: l3prg 2013/08/25 v4587 L3 Control structures
\g__prg_map_int=\count111
)
(/usr/share/texlive/texmf-dist/tex/latex/l3kernel/l3clist.sty
Package: l3clist 2013/07/28 v4581 L3 Comma separated lists
)
(/usr/share/texlive/texmf-dist/tex/latex/l3kernel/l3token.sty
Package: l3token 2013/08/25 v4587 L3 Experimental token manipulation
)
(/usr/share/texlive/texmf-dist/tex/latex/l3kernel/l3prop.sty
Package: l3prop 2013/07/28 v4581 L3 Property lists
)
(/usr/share/texlive/texmf-dist/tex/latex/l3kernel/l3msg.sty
Package: l3msg 2013/07/28 v4581 L3 Messages
)
(/usr/share/texlive/texmf-dist/tex/latex/l3kernel/l3file.sty
Package: l3file 2013/10/13 v4596 L3 File and I/O operations
\l_iow_line_count_int=\count112
\l__iow_target_count_int=\count113
\l__iow_current_line_int=\count114
\l__iow_current_word_int=\count115
\l__iow_current_indentation_int=\count116
)
(/usr/share/texlive/texmf-dist/tex/latex/l3kernel/l3skip.sty
Package: l3skip 2013/07/28 v4581 L3 Dimensions and skips
\c_zero_dim=\dimen117
\c_max_dim=\dimen118
\l_tmpa_dim=\dimen119
\l_tmpb_dim=\dimen120
\g_tmpa_dim=\dimen121
\g_tmpb_dim=\dimen122
\c_zero_skip=\skip62
\c_max_skip=\skip63
\l_tmpa_skip=\skip64
\l_tmpb_skip=\skip65
\g_tmpa_skip=\skip66
\g_tmpb_skip=\skip67
\c_zero_muskip=\muskip11
\c_max_muskip=\muskip12
\l_tmpa_muskip=\muskip13
\l_tmpb_muskip=\muskip14
\g_tmpa_muskip=\muskip15
\g_tmpb_muskip=\muskip16
)
(/usr/share/texlive/texmf-dist/tex/latex/l3kernel/l3keys.sty
Package: l3keys 2013/07/28 v4581 L3 Experimental key-value interfaces
\g__keyval_level_int=\count117
\l_keys_choice_int=\count118
)
(/usr/share/texlive/texmf-dist/tex/latex/l3kernel/l3fp.sty
Package: l3fp 2013/11/18 v4601 L3 Floating points
\c__fp_leading_shift_int=\count119
\c__fp_middle_shift_int=\count120
\c__fp_trailing_shift_int=\count121
\c__fp_big_leading_shift_int=\count122
\c__fp_big_middle_shift_int=\count123
\c__fp_big_trailing_shift_int=\count124
\c__fp_Bigg_leading_shift_int=\count125
\c__fp_Bigg_middle_shift_int=\count126
\c__fp_Bigg_trailing_shift_int=\count127
)
(/usr/share/texlive/texmf-dist/tex/latex/l3kernel/l3box.sty
Package: l3box 2013/07/28 v4581 L3 Experimental boxes
\c_empty_box=\box27
\l_tmpa_box=\box28
\l_tmpb_box=\box29
\g_tmpa_box=\box30
\g_tmpb_box=\box31
)
(/usr/share/texlive/texmf-dist/tex/latex/l3kernel/l3coffins.sty
Package: l3coffins 2012/09/09 v4212 L3 Coffin code layer
\l__coffin_internal_box=\box32
\l__coffin_internal_dim=\dimen123
\l__coffin_offset_x_dim=\dimen124
\l__coffin_offset_y_dim=\dimen125
\l__coffin_x_dim=\dimen126
\l__coffin_y_dim=\dimen127
\l__coffin_x_prime_dim=\dimen128
\l__coffin_y_prime_dim=\dimen129
\c_empty_coffin=\box33
\l__coffin_aligned_coffin=\box34
\l__coffin_aligned_internal_coffin=\box35
\l_tmpa_coffin=\box36
\l_tmpb_coffin=\box37
\l__coffin_display_coffin=\box38
\l__coffin_display_coord_coffin=\box39
\l__coffin_display_pole_coffin=\box40
\l__coffin_display_offset_dim=\dimen130
\l__coffin_display_x_dim=\dimen131
\l__coffin_display_y_dim=\dimen132
)
(/usr/share/texlive/texmf-dist/tex/latex/l3kernel/l3color.sty
Package: l3color 2012/08/29 v4156 L3 Experimental color support
)
(/usr/share/texlive/texmf-dist/tex/latex/l3kernel/l3luatex.sty
Package: l3luatex 2013/07/28 v4581 L3 Experimental LuaTeX-specific functions
\g__cctab_allocate_int=\count128
\g__cctab_stack_int=\count129
)
(/usr/share/texlive/texmf-dist/tex/latex/l3kernel/l3candidates.sty
Package: l3candidates 2013/11/18 v4602 L3 Experimental additions to l3kernel
\l__box_top_dim=\dimen133
\l__box_bottom_dim=\dimen134
\l__box_left_dim=\dimen135
\l__box_right_dim=\dimen136
\l__box_top_new_dim=\dimen137
\l__box_bottom_new_dim=\dimen138
\l__box_left_new_dim=\dimen139
\l__box_right_new_dim=\dimen140
\l__box_internal_box=\box41
\l__coffin_bounding_shift_dim=\dimen141
\l__coffin_left_corner_dim=\dimen142
\l__coffin_right_corner_dim=\dimen143
\l__coffin_bottom_corner_dim=\dimen144
\l__coffin_top_corner_dim=\dimen145
\l__coffin_scaled_total_height_dim=\dimen146
\l__coffin_scaled_width_dim=\dimen147
))
Package: xparse 2013/11/19 v4609 L3 Experimental document command parser
\l__xparse_current_arg_int=\count130
\l__xparse_m_args_int=\count131
\l__xparse_mandatory_args_int=\count132
\l__xparse_processor_int=\count133
\l__xparse_v_nesting_int=\count134
)
\minimumbiblabelwidth=\skip68
\ABCIauxlen=\skip69
\c@ABCIaux=\count135
\c@ABCImax=\count136

(/usr/share/texlive/texmf-dist/tex/latex/relsize/relsize.sty
Package: relsize 2013/03/29 ver 4.1
)
\biblabelsep=\skip70
LaTeX Info: Redefining \newblock on input line 679.

*************************************************
* LaTeX warning: "xparse/redefine-command"
* 
* Redefining document command \cite with arg. spec. 'O{} o m ' on line 713.
*************************************************
\ABCItoken=\toks16
)
\ii@topmargin=\skip71
\ii@pagenummargin=\skip72
\ii@bottommargin=\skip73
\ii@sidemargin=\skip74
\c@ii@authorcount=\count137
\c@kwcounter=\count138
\titlepagewinwidth=\skip75
\titlepagewinheight=\skip76
\titlepagewinvoffset=\skip77
\dottedspace=\skip78
\c@schapter=\count139
) (/home/anderson/texmf/tex/latex/iiufrgs/cic.def
File: cic.def 2014/04/12 Definições para a CIC
)
(/home/anderson/texmf/tex/latex/iiufrgs/dipl.def
File: dipl.def 2014/04/14 Projeto de Diplomação
)
(/home/anderson/texmf/tex/latex/iiufrgs/nominata.def)
(/usr/share/texlive/texmf-dist/tex/latex/base/inputenc.sty
Package: inputenc 2008/03/30 v1.1d Input encoding file
\inpenc@prehook=\toks17
\inpenc@posthook=\toks18

(/usr/share/texlive/texmf-dist/tex/latex/base/utf8.def
File: utf8.def 2008/04/05 v1.1m UTF-8 support for inputenc
Now handling font encoding OML ...
... no UTF-8 mapping file for font encoding OML
Now handling font encoding T1 ...
... processing UTF-8 mapping file for font encoding T1

(/usr/share/texlive/texmf-dist/tex/latex/base/t1enc.dfu
File: t1enc.dfu 2008/04/05 v1.1m UTF-8 support for inputenc
   defining Unicode char U+00A1 (decimal 161)
   defining Unicode char U+00A3 (decimal 163)
   defining Unicode char U+00AB (decimal 171)
   defining Unicode char U+00BB (decimal 187)
   defining Unicode char U+00BF (decimal 191)
   defining Unicode char U+00C0 (decimal 192)
   defining Unicode char U+00C1 (decimal 193)
   defining Unicode char U+00C2 (decimal 194)
   defining Unicode char U+00C3 (decimal 195)
   defining Unicode char U+00C4 (decimal 196)
   defining Unicode char U+00C5 (decimal 197)
   defining Unicode char U+00C6 (decimal 198)
   defining Unicode char U+00C7 (decimal 199)
   defining Unicode char U+00C8 (decimal 200)
   defining Unicode char U+00C9 (decimal 201)
   defining Unicode char U+00CA (decimal 202)
   defining Unicode char U+00CB (decimal 203)
   defining Unicode char U+00CC (decimal 204)
   defining Unicode char U+00CD (decimal 205)
   defining Unicode char U+00CE (decimal 206)
   defining Unicode char U+00CF (decimal 207)
   defining Unicode char U+00D0 (decimal 208)
   defining Unicode char U+00D1 (decimal 209)
   defining Unicode char U+00D2 (decimal 210)
   defining Unicode char U+00D3 (decimal 211)
   defining Unicode char U+00D4 (decimal 212)
   defining Unicode char U+00D5 (decimal 213)
   defining Unicode char U+00D6 (decimal 214)
   defining Unicode char U+00D8 (decimal 216)
   defining Unicode char U+00D9 (decimal 217)
   defining Unicode char U+00DA (decimal 218)
   defining Unicode char U+00DB (decimal 219)
   defining Unicode char U+00DC (decimal 220)
   defining Unicode char U+00DD (decimal 221)
   defining Unicode char U+00DE (decimal 222)
   defining Unicode char U+00DF (decimal 223)
   defining Unicode char U+00E0 (decimal 224)
   defining Unicode char U+00E1 (decimal 225)
   defining Unicode char U+00E2 (decimal 226)
   defining Unicode char U+00E3 (decimal 227)
   defining Unicode char U+00E4 (decimal 228)
   defining Unicode char U+00E5 (decimal 229)
   defining Unicode char U+00E6 (decimal 230)
   defining Unicode char U+00E7 (decimal 231)
   defining Unicode char U+00E8 (decimal 232)
   defining Unicode char U+00E9 (decimal 233)
   defining Unicode char U+00EA (decimal 234)
   defining Unicode char U+00EB (decimal 235)
   defining Unicode char U+00EC (decimal 236)
   defining Unicode char U+00ED (decimal 237)
   defining Unicode char U+00EE (decimal 238)
   defining Unicode char U+00EF (decimal 239)
   defining Unicode char U+00F0 (decimal 240)
   defining Unicode char U+00F1 (decimal 241)
   defining Unicode char U+00F2 (decimal 242)
   defining Unicode char U+00F3 (decimal 243)
   defining Unicode char U+00F4 (decimal 244)
   defining Unicode char U+00F5 (decimal 245)
   defining Unicode char U+00F6 (decimal 246)
   defining Unicode char U+00F8 (decimal 248)
   defining Unicode char U+00F9 (decimal 249)
   defining Unicode char U+00FA (decimal 250)
   defining Unicode char U+00FB (decimal 251)
   defining Unicode char U+00FC (decimal 252)
   defining Unicode char U+00FD (decimal 253)
   defining Unicode char U+00FE (decimal 254)
   defining Unicode char U+00FF (decimal 255)
   defining Unicode char U+0102 (decimal 258)
   defining Unicode char U+0103 (decimal 259)
   defining Unicode char U+0104 (decimal 260)
   defining Unicode char U+0105 (decimal 261)
   defining Unicode char U+0106 (decimal 262)
   defining Unicode char U+0107 (decimal 263)
   defining Unicode char U+010C (decimal 268)
   defining Unicode char U+010D (decimal 269)
   defining Unicode char U+010E (decimal 270)
   defining Unicode char U+010F (decimal 271)
   defining Unicode char U+0110 (decimal 272)
   defining Unicode char U+0111 (decimal 273)
   defining Unicode char U+0118 (decimal 280)
   defining Unicode char U+0119 (decimal 281)
   defining Unicode char U+011A (decimal 282)
   defining Unicode char U+011B (decimal 283)
   defining Unicode char U+011E (decimal 286)
   defining Unicode char U+011F (decimal 287)
   defining Unicode char U+0130 (decimal 304)
   defining Unicode char U+0131 (decimal 305)
   defining Unicode char U+0132 (decimal 306)
   defining Unicode char U+0133 (decimal 307)
   defining Unicode char U+0139 (decimal 313)
   defining Unicode char U+013A (decimal 314)
   defining Unicode char U+013D (decimal 317)
   defining Unicode char U+013E (decimal 318)
   defining Unicode char U+0141 (decimal 321)
   defining Unicode char U+0142 (decimal 322)
   defining Unicode char U+0143 (decimal 323)
   defining Unicode char U+0144 (decimal 324)
   defining Unicode char U+0147 (decimal 327)
   defining Unicode char U+0148 (decimal 328)
   defining Unicode char U+014A (decimal 330)
   defining Unicode char U+014B (decimal 331)
   defining Unicode char U+0150 (decimal 336)
   defining Unicode char U+0151 (decimal 337)
   defining Unicode char U+0152 (decimal 338)
   defining Unicode char U+0153 (decimal 339)
   defining Unicode char U+0154 (decimal 340)
   defining Unicode char U+0155 (decimal 341)
   defining Unicode char U+0158 (decimal 344)
   defining Unicode char U+0159 (decimal 345)
   defining Unicode char U+015A (decimal 346)
   defining Unicode char U+015B (decimal 347)
   defining Unicode char U+015E (decimal 350)
   defining Unicode char U+015F (decimal 351)
   defining Unicode char U+0160 (decimal 352)
   defining Unicode char U+0161 (decimal 353)
   defining Unicode char U+0162 (decimal 354)
   defining Unicode char U+0163 (decimal 355)
   defining Unicode char U+0164 (decimal 356)
   defining Unicode char U+0165 (decimal 357)
   defining Unicode char U+016E (decimal 366)
   defining Unicode char U+016F (decimal 367)
   defining Unicode char U+0170 (decimal 368)
   defining Unicode char U+0171 (decimal 369)
   defining Unicode char U+0178 (decimal 376)
   defining Unicode char U+0179 (decimal 377)
   defining Unicode char U+017A (decimal 378)
   defining Unicode char U+017B (decimal 379)
   defining Unicode char U+017C (decimal 380)
   defining Unicode char U+017D (decimal 381)
   defining Unicode char U+017E (decimal 382)
   defining Unicode char U+200C (decimal 8204)
   defining Unicode char U+2013 (decimal 8211)
   defining Unicode char U+2014 (decimal 8212)
   defining Unicode char U+2018 (decimal 8216)
   defining Unicode char U+2019 (decimal 8217)
   defining Unicode char U+201A (decimal 8218)
   defining Unicode char U+201C (decimal 8220)
   defining Unicode char U+201D (decimal 8221)
   defining Unicode char U+201E (decimal 8222)
   defining Unicode char U+2030 (decimal 8240)
   defining Unicode char U+2031 (decimal 8241)
   defining Unicode char U+2039 (decimal 8249)
   defining Unicode char U+203A (decimal 8250)
   defining Unicode char U+2423 (decimal 9251)
)
Now handling font encoding OT1 ...
... processing UTF-8 mapping file for font encoding OT1

(/usr/share/texlive/texmf-dist/tex/latex/base/ot1enc.dfu
File: ot1enc.dfu 2008/04/05 v1.1m UTF-8 support for inputenc
   defining Unicode char U+00A1 (decimal 161)
   defining Unicode char U+00A3 (decimal 163)
   defining Unicode char U+00B8 (decimal 184)
   defining Unicode char U+00BF (decimal 191)
   defining Unicode char U+00C5 (decimal 197)
   defining Unicode char U+00C6 (decimal 198)
   defining Unicode char U+00D8 (decimal 216)
   defining Unicode char U+00DF (decimal 223)
   defining Unicode char U+00E6 (decimal 230)
   defining Unicode char U+00EC (decimal 236)
   defining Unicode char U+00ED (decimal 237)
   defining Unicode char U+00EE (decimal 238)
   defining Unicode char U+00EF (decimal 239)
   defining Unicode char U+00F8 (decimal 248)
   defining Unicode char U+0131 (decimal 305)
   defining Unicode char U+0141 (decimal 321)
   defining Unicode char U+0142 (decimal 322)
   defining Unicode char U+0152 (decimal 338)
   defining Unicode char U+0153 (decimal 339)
   defining Unicode char U+2013 (decimal 8211)
   defining Unicode char U+2014 (decimal 8212)
   defining Unicode char U+2018 (decimal 8216)
   defining Unicode char U+2019 (decimal 8217)
   defining Unicode char U+201C (decimal 8220)
   defining Unicode char U+201D (decimal 8221)
)
Now handling font encoding OMS ...
... processing UTF-8 mapping file for font encoding OMS

(/usr/share/texlive/texmf-dist/tex/latex/base/omsenc.dfu
File: omsenc.dfu 2008/04/05 v1.1m UTF-8 support for inputenc
   defining Unicode char U+00A7 (decimal 167)
   defining Unicode char U+00B6 (decimal 182)
   defining Unicode char U+00B7 (decimal 183)
   defining Unicode char U+2020 (decimal 8224)
   defining Unicode char U+2021 (decimal 8225)
   defining Unicode char U+2022 (decimal 8226)
)
Now handling font encoding OMX ...
... no UTF-8 mapping file for font encoding OMX
Now handling font encoding U ...
... no UTF-8 mapping file for font encoding U
Now handling font encoding PD1 ...
... no UTF-8 mapping file for font encoding PD1
Now handling font encoding PU ...
... no UTF-8 mapping file for font encoding PU
   defining Unicode char U+00A9 (decimal 169)
   defining Unicode char U+00AA (decimal 170)
   defining Unicode char U+00AE (decimal 174)
   defining Unicode char U+00BA (decimal 186)
   defining Unicode char U+02C6 (decimal 710)
   defining Unicode char U+02DC (decimal 732)
   defining Unicode char U+200C (decimal 8204)
   defining Unicode char U+2026 (decimal 8230)
   defining Unicode char U+2122 (decimal 8482)
   defining Unicode char U+2423 (decimal 9251)
))
(/usr/share/texlive/texmf-dist/tex/latex/listings/listings.sty
\lst@mode=\count140
\lst@gtempboxa=\box42
\lst@token=\toks19
\lst@length=\count141
\lst@currlwidth=\dimen148
\lst@column=\count142
\lst@pos=\count143
\lst@lostspace=\dimen149
\lst@width=\dimen150
\lst@newlines=\count144
\lst@lineno=\count145
\lst@maxwidth=\dimen151

(/usr/share/texlive/texmf-dist/tex/latex/listings/lstmisc.sty
File: lstmisc.sty 2013/08/26 1.5b (Carsten Heinz)
\c@lstnumber=\count146
\lst@skipnumbers=\count147
\lst@framebox=\box43
)
(/usr/share/texlive/texmf-dist/tex/latex/listings/listings.cfg
File: listings.cfg 2013/08/26 1.5b listings configuration
))
Package: listings 2013/08/26 1.5b (Carsten Heinz)
 (./cic-tc.aux)
\openout1 = `cic-tc.aux'.

LaTeX Font Info:    Checking defaults for OML/cmm/m/it on input line 121.
LaTeX Font Info:    ... okay on input line 121.
LaTeX Font Info:    Checking defaults for T1/cmr/m/n on input line 121.
LaTeX Font Info:    ... okay on input line 121.
LaTeX Font Info:    Checking defaults for OT1/cmr/m/n on input line 121.
LaTeX Font Info:    ... okay on input line 121.
LaTeX Font Info:    Checking defaults for OMS/cmsy/m/n on input line 121.
LaTeX Font Info:    ... okay on input line 121.
LaTeX Font Info:    Checking defaults for OMX/cmex/m/n on input line 121.
LaTeX Font Info:    ... okay on input line 121.
LaTeX Font Info:    Checking defaults for U/cmr/m/n on input line 121.
LaTeX Font Info:    ... okay on input line 121.
LaTeX Font Info:    Checking defaults for PD1/pdf/m/n on input line 121.
LaTeX Font Info:    ... okay on input line 121.
LaTeX Font Info:    Checking defaults for PU/pdf/m/n on input line 121.
LaTeX Font Info:    ... okay on input line 121.
LaTeX Font Info:    Try loading font information for T1+ptm on input line 121.
(/usr/share/texlive/texmf-dist/tex/latex/psnfss/t1ptm.fd
File: t1ptm.fd 2001/06/04 font definitions for T1/ptm.
)
Package lastpage Info: Please have a look at the pageslts package at
(lastpage)             http://www.ctan.org/tex-archive/ 
(lastpage)             macros/latex/contrib/pageslts/ 
(lastpage)             or
(lastpage)             http://www.ctan.org/tex-archive/ 
(lastpage)             install/macros/latex/contrib/pageslts.tds.zip
(lastpage)             ! on input line 121.

(/usr/share/texlive/texmf-dist/tex/context/base/supp-pdf.mkii
[Loading MPS to PDF converter (version 2006.09.02).]
\scratchcounter=\count148
\scratchdimen=\dimen152
\scratchbox=\box44
\nofMPsegments=\count149
\nofMParguments=\count150
\everyMPshowfont=\toks20
\MPscratchCnt=\count151
\MPscratchDim=\dimen153
\MPnumerator=\count152
\makeMPintoPDFobject=\count153
\everyMPtoPDFconversion=\toks21
) (/usr/share/texlive/texmf-dist/tex/latex/oberdiek/epstopdf-base.sty
Package: epstopdf-base 2010/02/09 v2.5 Base part for package epstopdf

(/usr/share/texlive/texmf-dist/tex/latex/oberdiek/grfext.sty
Package: grfext 2010/08/19 v1.1 Manage graphics extensions (HO)
)
Package grfext Info: Graphics extension search list:
(grfext)             [.png,.pdf,.jpg,.mps,.jpeg,.jbig2,.jb2,.PNG,.PDF,.JPG,.JPE
G,.JBIG2,.JB2,.eps]
(grfext)             \AppendGraphicsExtensions on input line 452.

(/usr/share/texlive/texmf-dist/tex/latex/latexconfig/epstopdf-sys.cfg
File: epstopdf-sys.cfg 2010/07/13 v1.3 Configuration of (r)epstopdf for TeX Liv
e
))
LaTeX Font Info:    Font shape `T1/ptm/bx/n' in size <14.4> not available
(Font)              Font shape `T1/ptm/b/n' tried instead on input line 121.
Package tocstyle Info: prepare \l@part for redefinition on input line 121.
LaTeX Font Info:    Font shape `T1/ptm/bx/n' in size <12> not available
(Font)              Font shape `T1/ptm/b/n' tried instead on input line 121.
Package tocstyle Info: prepare \l@chapter for redefinition on input line 121.
Package tocstyle Info: prepare \l@section for redefinition on input line 121.
LaTeX Font Info:    External font `cmex10' loaded for size
(Font)              <12> on input line 121.
LaTeX Font Info:    External font `cmex10' loaded for size
(Font)              <8> on input line 121.
LaTeX Font Info:    External font `cmex10' loaded for size
(Font)              <6> on input line 121.
Package tocstyle Info: prepare \l@subsection for redefinition on input line 121
.
Package tocstyle Info: prepare \l@subsubsection for redefinition on input line 
121.
Package tocstyle Info: prepare \l@table for redefinition on input line 121.
Package tocstyle Info: prepare \l@figure for redefinition on input line 121.
\AtBeginShipoutBox=\box45

(/usr/share/texlive/texmf-dist/tex/latex/graphics/color.sty
Package: color 2005/11/14 v1.0j Standard LaTeX Color (DPC)

(/usr/share/texlive/texmf-dist/tex/latex/latexconfig/color.cfg
File: color.cfg 2007/01/18 v1.5 color configuration of teTeX/TeXLive
)
Package color Info: Driver file: pdftex.def on input line 130.
)
Package hyperref Info: Link coloring ON on input line 121.

(/usr/share/texlive/texmf-dist/tex/latex/hyperref/nameref.sty
Package: nameref 2012/10/27 v2.43 Cross-referencing by name of section

(/usr/share/texlive/texmf-dist/tex/generic/oberdiek/gettitlestring.sty
Package: gettitlestring 2010/12/03 v1.4 Cleanup title references (HO)
)
\c@section@level=\count154
)
LaTeX Info: Redefining \ref on input line 121.
LaTeX Info: Redefining \pageref on input line 121.
LaTeX Info: Redefining \nameref on input line 121.

(./cic-tc.out) (./cic-tc.out)
\@outlinefile=\write3
\openout3 = `cic-tc.out'.

\c@lstlisting=\count155
 [1

{/usr/share/texlive/texmf-dist/fonts/map/pdftex/updmap/pdftex.map}] [2


]
LaTeX Font Info:    Try loading font information for T1+phv on input line 133.

(/usr/share/texlive/texmf-dist/tex/latex/psnfss/t1phv.fd
File: t1phv.fd 2001/06/04 scalable font definitions for T1/phv.
)
LaTeX Font Info:    Font shape `T1/phv/m/it' in size <12> not available
(Font)              Font shape `T1/phv/m/sl' tried instead on input line 133.
 [3

] [4

]
Underfull \hbox (badness 10000) in paragraph at lines 160--161

 []

[5

]
Package babel Info: Redefining portuges shorthand "|
(babel)             in language  on input line 166.
 [6

] (./cic-tc.lof
number indent by \l@... (lof, 1):  18.0pt
text indent by \l@... (lof, 1):  27.60004pt
number indent by parent (lof, 1):  18.0pt
text indent calculated (lof, 1): 21.0pt
number indent calculated (lof, 1): 18.0pt
text noindent (lof, 1): 21.0pt
number noindent (lof, 1): 0.0pt
number indent by \l@... (lof, 1):  18.0pt
text indent by \l@... (lof, 1):  27.60004pt
number indent by parent (lof, 1):  18.0pt
text indent calculated (lof, 1): 21.0pt
number indent calculated (lof, 1): 18.0pt
text noindent (lof, 1): 21.0pt
number noindent (lof, 1): 0.0pt
number indent by \l@... (lof, 1):  18.0pt
text indent by \l@... (lof, 1):  27.60004pt
number indent by parent (lof, 1):  18.0pt
text indent calculated (lof, 1): 21.0pt
number indent calculated (lof, 1): 18.0pt
text noindent (lof, 1): 21.0pt
number noindent (lof, 1): 0.0pt
number indent by \l@... (lof, 1):  18.0pt
text indent by \l@... (lof, 1):  27.60004pt
number indent by parent (lof, 1):  18.0pt
text indent calculated (lof, 1): 21.0pt
number indent calculated (lof, 1): 18.0pt
text noindent (lof, 1): 21.0pt
number noindent (lof, 1): 0.0pt
number indent by \l@... (lof, 1):  18.0pt
text indent by \l@... (lof, 1):  27.60004pt
number indent by parent (lof, 1):  18.0pt
text indent calculated (lof, 1): 21.0pt
number indent calculated (lof, 1): 18.0pt
text noindent (lof, 1): 21.0pt
number noindent (lof, 1): 0.0pt
number indent by \l@... (lof, 1):  18.0pt
text indent by \l@... (lof, 1):  27.60004pt
number indent by parent (lof, 1):  18.0pt
text indent calculated (lof, 1): 21.0pt
number indent calculated (lof, 1): 18.0pt
text noindent (lof, 1): 21.0pt
number noindent (lof, 1): 0.0pt
number indent by \l@... (lof, 1):  18.0pt
text indent by \l@... (lof, 1):  27.60004pt
number indent by parent (lof, 1):  18.0pt
text indent calculated (lof, 1): 21.0pt
number indent calculated (lof, 1): 18.0pt
text noindent (lof, 1): 21.0pt
number noindent (lof, 1): 0.0pt
number indent by \l@... (lof, 1):  18.0pt
text indent by \l@... (lof, 1):  27.60004pt
number indent by parent (lof, 1):  18.0pt
text indent calculated (lof, 1): 21.0pt
number indent calculated (lof, 1): 18.0pt
text noindent (lof, 1): 21.0pt
number noindent (lof, 1): 0.0pt
number indent by \l@... (lof, 1):  18.0pt
text indent by \l@... (lof, 1):  27.60004pt
number indent by parent (lof, 1):  18.0pt
text indent calculated (lof, 1): 21.0pt
number indent calculated (lof, 1): 18.0pt
text noindent (lof, 1): 21.0pt
number noindent (lof, 1): 0.0pt
number indent by \l@... (lof, 1):  18.0pt
text indent by \l@... (lof, 1):  27.60004pt
number indent by parent (lof, 1):  18.0pt
text indent calculated (lof, 1): 21.0pt
number indent calculated (lof, 1): 18.0pt
text noindent (lof, 1): 21.0pt
number noindent (lof, 1): 0.0pt
number indent by \l@... (lof, 1):  18.0pt
text indent by \l@... (lof, 1):  27.60004pt
number indent by parent (lof, 1):  18.0pt
text indent calculated (lof, 1): 21.0pt
number indent calculated (lof, 1): 18.0pt
text noindent (lof, 1): 21.0pt
number noindent (lof, 1): 0.0pt
number indent by \l@... (lof, 1):  18.0pt
text indent by \l@... (lof, 1):  27.60004pt
number indent by parent (lof, 1):  18.0pt
text indent calculated (lof, 1): 21.0pt
number indent calculated (lof, 1): 18.0pt
text noindent (lof, 1): 21.0pt
number noindent (lof, 1): 0.0pt
number indent by \l@... (lof, 1):  18.0pt
text indent by \l@... (lof, 1):  27.60004pt
number indent by parent (lof, 1):  18.0pt
text indent calculated (lof, 1): 21.0pt
number indent calculated (lof, 1): 18.0pt
text noindent (lof, 1): 21.0pt
number noindent (lof, 1): 0.0pt
number indent by \l@... (lof, 1):  18.0pt
text indent by \l@... (lof, 1):  27.60004pt
number indent by parent (lof, 1):  18.0pt
text indent calculated (lof, 1): 21.0pt
number indent calculated (lof, 1): 18.0pt
text noindent (lof, 1): 21.0pt
number noindent (lof, 1): 0.0pt
number indent by \l@... (lof, 1):  18.0pt
text indent by \l@... (lof, 1):  27.60004pt
number indent by parent (lof, 1):  18.0pt
text indent calculated (lof, 1): 21.0pt
number indent calculated (lof, 1): 18.0pt
text noindent (lof, 1): 21.0pt
number noindent (lof, 1): 0.0pt
number indent by \l@... (lof, 1):  18.0pt
text indent by \l@... (lof, 1):  27.60004pt
number indent by parent (lof, 1):  18.0pt
text indent calculated (lof, 1): 21.0pt
number indent calculated (lof, 1): 18.0pt
text noindent (lof, 1): 21.0pt
number noindent (lof, 1): 0.0pt
number indent by \l@... (lof, 1):  18.0pt
text indent by \l@... (lof, 1):  27.60004pt
number indent by parent (lof, 1):  18.0pt
text indent calculated (lof, 1): 21.0pt
number indent calculated (lof, 1): 18.0pt
text noindent (lof, 1): 21.0pt
number noindent (lof, 1): 0.0pt
number indent by \l@... (lof, 1):  18.0pt
text indent by \l@... (lof, 1):  27.60004pt
number indent by parent (lof, 1):  18.0pt
text indent calculated (lof, 1): 21.0pt
number indent calculated (lof, 1): 18.0pt
text noindent (lof, 1): 21.0pt
number noindent (lof, 1): 0.0pt
number indent by \l@... (lof, 1):  18.0pt
text indent by \l@... (lof, 1):  27.60004pt
number indent by parent (lof, 1):  18.0pt
text indent calculated (lof, 1): 21.0pt
number indent calculated (lof, 1): 18.0pt
text noindent (lof, 1): 21.0pt
number noindent (lof, 1): 0.0pt
number indent by \l@... (lof, 1):  18.0pt
text indent by \l@... (lof, 1):  27.60004pt
number indent by parent (lof, 1):  18.0pt
text indent calculated (lof, 1): 21.0pt
number indent calculated (lof, 1): 18.0pt
text noindent (lof, 1): 21.0pt
number noindent (lof, 1): 0.0pt
number indent by \l@... (lof, 1):  18.0pt
text indent by \l@... (lof, 1):  27.60004pt
number indent by parent (lof, 1):  18.0pt
text indent calculated (lof, 1): 21.0pt
number indent calculated (lof, 1): 18.0pt
text noindent (lof, 1): 21.0pt
number noindent (lof, 1): 0.0pt
number indent by \l@... (lof, 1):  18.0pt
text indent by \l@... (lof, 1):  27.60004pt
number indent by parent (lof, 1):  18.0pt
text indent calculated (lof, 1): 21.0pt
number indent calculated (lof, 1): 18.0pt
text noindent (lof, 1): 21.0pt
number noindent (lof, 1): 0.0pt
)
\tf@lof=\write4
\openout4 = `cic-tc.lof'.

 [7

] [8

] (./cic-tc.toc
number indent by \l@... (toc, 0):  0.0pt
text indent by \l@... (toc, 0):  18.0pt
number indent by parent (toc, 0):  0.0pt
text indent calculated (toc, 0): 18.0pt
number indent calculated (toc, 0): 0.0pt
text noindent (toc, 0): 39.0pt
number noindent (toc, 0): 0.0pt
number indent by \l@... (toc, 0):  0.0pt
text indent by \l@... (toc, 0):  18.0pt
number indent by parent (toc, 0):  0.0pt
text indent calculated (toc, 0): 18.0pt
number indent calculated (toc, 0): 0.0pt
text noindent (toc, 0): 39.0pt
number noindent (toc, 0): 0.0pt
number indent by \l@... (toc, 1):  18.0pt
text indent by \l@... (toc, 1):  27.60004pt
number indent by parent (toc, 1):  18.0pt
text indent calculated (toc, 1): 21.0pt
number indent calculated (toc, 1): 18.0pt
text noindent (toc, 1): 39.0pt
number noindent (toc, 1): 0.0pt
number indent by \l@... (toc, 2):  45.60004pt
text indent by \l@... (toc, 2):  38.39996pt
number indent by parent (toc, 2):  39.0pt
text indent calculated (toc, 2): 30.0pt
number indent calculated (toc, 2): 39.0pt
text noindent (toc, 2): 39.0pt
number noindent (toc, 2): 0.0pt
number indent by \l@... (toc, 2):  45.60004pt
text indent by \l@... (toc, 2):  38.39996pt
number indent by parent (toc, 2):  39.0pt
text indent calculated (toc, 2): 30.0pt
number indent calculated (toc, 2): 39.0pt
text noindent (toc, 2): 39.0pt
number noindent (toc, 2): 0.0pt
number indent by \l@... (toc, 2):  45.60004pt
text indent by \l@... (toc, 2):  38.39996pt
number indent by parent (toc, 2):  39.0pt
text indent calculated (toc, 2): 30.0pt
number indent calculated (toc, 2): 39.0pt
text noindent (toc, 2): 39.0pt
number noindent (toc, 2): 0.0pt
number indent by \l@... (toc, 3):  84.0pt
text indent by \l@... (toc, 3):  49.20007pt
number indent by parent (toc, 3):  69.0pt
text indent calculated (toc, 3): 39.0pt
number indent calculated (toc, 3): 69.0pt
text noindent (toc, 3): 39.0pt
number noindent (toc, 3): 0.0pt
number indent by \l@... (toc, 3):  84.0pt
text indent by \l@... (toc, 3):  49.20007pt
number indent by parent (toc, 3):  69.0pt
text indent calculated (toc, 3): 39.0pt
number indent calculated (toc, 3): 69.0pt
text noindent (toc, 3): 39.0pt
number noindent (toc, 3): 0.0pt
number indent by \l@... (toc, 3):  84.0pt
text indent by \l@... (toc, 3):  49.20007pt
number indent by parent (toc, 3):  69.0pt
text indent calculated (toc, 3): 39.0pt
number indent calculated (toc, 3): 69.0pt
text noindent (toc, 3): 39.0pt
number noindent (toc, 3): 0.0pt
number indent by \l@... (toc, 3):  84.0pt
text indent by \l@... (toc, 3):  49.20007pt
number indent by parent (toc, 3):  69.0pt
text indent calculated (toc, 3): 39.0pt
number indent calculated (toc, 3): 69.0pt
text noindent (toc, 3): 39.0pt
number noindent (toc, 3): 0.0pt
number indent by \l@... (toc, 3):  84.0pt
text indent by \l@... (toc, 3):  49.20007pt
number indent by parent (toc, 3):  69.0pt
text indent calculated (toc, 3): 39.0pt
number indent calculated (toc, 3): 69.0pt
text noindent (toc, 3): 39.0pt
number noindent (toc, 3): 0.0pt
number indent by \l@... (toc, 2):  45.60004pt
text indent by \l@... (toc, 2):  38.39996pt
number indent by parent (toc, 2):  39.0pt
text indent calculated (toc, 2): 30.0pt
number indent calculated (toc, 2): 39.0pt
text noindent (toc, 2): 39.0pt
number noindent (toc, 2): 0.0pt
number indent by \l@... (toc, 1):  18.0pt
text indent by \l@... (toc, 1):  27.60004pt
number indent by parent (toc, 1):  18.0pt
text indent calculated (toc, 1): 21.0pt
number indent calculated (toc, 1): 18.0pt
text noindent (toc, 1): 39.0pt
number noindent (toc, 1): 0.0pt
number indent by \l@... (toc, 2):  45.60004pt
text indent by \l@... (toc, 2):  38.39996pt
number indent by parent (toc, 2):  39.0pt
text indent calculated (toc, 2): 30.0pt
number indent calculated (toc, 2): 39.0pt
text noindent (toc, 2): 39.0pt
number noindent (toc, 2): 0.0pt
number indent by \l@... (toc, 2):  45.60004pt
text indent by \l@... (toc, 2):  38.39996pt
number indent by parent (toc, 2):  39.0pt
text indent calculated (toc, 2): 30.0pt
number indent calculated (toc, 2): 39.0pt
text noindent (toc, 2): 39.0pt
number noindent (toc, 2): 0.0pt
number indent by \l@... (toc, 2):  45.60004pt
text indent by \l@... (toc, 2):  38.39996pt
number indent by parent (toc, 2):  39.0pt
text indent calculated (toc, 2): 30.0pt
number indent calculated (toc, 2): 39.0pt
text noindent (toc, 2): 39.0pt
number noindent (toc, 2): 0.0pt
number indent by \l@... (toc, 3):  84.0pt
text indent by \l@... (toc, 3):  49.20007pt
number indent by parent (toc, 3):  69.0pt
text indent calculated (toc, 3): 39.0pt
number indent calculated (toc, 3): 69.0pt
text noindent (toc, 3): 39.0pt
number noindent (toc, 3): 0.0pt
number indent by \l@... (toc, 3):  84.0pt
text indent by \l@... (toc, 3):  49.20007pt
number indent by parent (toc, 3):  69.0pt
text indent calculated (toc, 3): 39.0pt
number indent calculated (toc, 3): 69.0pt
text noindent (toc, 3): 39.0pt
number noindent (toc, 3): 0.0pt
number indent by \l@... (toc, 0):  0.0pt
text indent by \l@... (toc, 0):  18.0pt
number indent by parent (toc, 0):  0.0pt
text indent calculated (toc, 0): 18.0pt
number indent calculated (toc, 0): 0.0pt
text noindent (toc, 0): 39.0pt
number noindent (toc, 0): 0.0pt
number indent by \l@... (toc, 1):  18.0pt
text indent by \l@... (toc, 1):  27.60004pt
number indent by parent (toc, 1):  18.0pt
text indent calculated (toc, 1): 21.0pt
number indent calculated (toc, 1): 18.0pt
text noindent (toc, 1): 39.0pt
number noindent (toc, 1): 0.0pt
number indent by \l@... (toc, 2):  45.60004pt
text indent by \l@... (toc, 2):  38.39996pt
number indent by parent (toc, 2):  39.0pt
text indent calculated (toc, 2): 30.0pt
number indent calculated (toc, 2): 39.0pt
text noindent (toc, 2): 39.0pt
number noindent (toc, 2): 0.0pt
number indent by \l@... (toc, 3):  84.0pt
text indent by \l@... (toc, 3):  49.20007pt
number indent by parent (toc, 3):  69.0pt
text indent calculated (toc, 3): 39.0pt
number indent calculated (toc, 3): 69.0pt
text noindent (toc, 3): 39.0pt
number noindent (toc, 3): 0.0pt
number indent by \l@... (toc, 3):  84.0pt
text indent by \l@... (toc, 3):  49.20007pt
number indent by parent (toc, 3):  69.0pt
text indent calculated (toc, 3): 39.0pt
number indent calculated (toc, 3): 69.0pt
text noindent (toc, 3): 39.0pt
number noindent (toc, 3): 0.0pt
number indent by \l@... (toc, 3):  84.0pt
text indent by \l@... (toc, 3):  49.20007pt
number indent by parent (toc, 3):  69.0pt
text indent calculated (toc, 3): 39.0pt
number indent calculated (toc, 3): 69.0pt
text noindent (toc, 3): 39.0pt
number noindent (toc, 3): 0.0pt
number indent by \l@... (toc, 2):  45.60004pt
text indent by \l@... (toc, 2):  38.39996pt
number indent by parent (toc, 2):  39.0pt
text indent calculated (toc, 2): 30.0pt
number indent calculated (toc, 2): 39.0pt
text noindent (toc, 2): 39.0pt
number noindent (toc, 2): 0.0pt
number indent by \l@... (toc, 2):  45.60004pt
text indent by \l@... (toc, 2):  38.39996pt
number indent by parent (toc, 2):  39.0pt
text indent calculated (toc, 2): 30.0pt
number indent calculated (toc, 2): 39.0pt
text noindent (toc, 2): 39.0pt
number noindent (toc, 2): 0.0pt
number indent by \l@... (toc, 2):  45.60004pt
text indent by \l@... (toc, 2):  38.39996pt
number indent by parent (toc, 2):  39.0pt
text indent calculated (toc, 2): 30.0pt
number indent calculated (toc, 2): 39.0pt
text noindent (toc, 2): 39.0pt
number noindent (toc, 2): 0.0pt
number indent by \l@... (toc, 3):  84.0pt
text indent by \l@... (toc, 3):  49.20007pt
number indent by parent (toc, 3):  69.0pt
text indent calculated (toc, 3): 39.0pt
number indent calculated (toc, 3): 69.0pt
text noindent (toc, 3): 39.0pt
number noindent (toc, 3): 0.0pt
number indent by \l@... (toc, 3):  84.0pt
text indent by \l@... (toc, 3):  49.20007pt
number indent by parent (toc, 3):  69.0pt
text indent calculated (toc, 3): 39.0pt
number indent calculated (toc, 3): 69.0pt
text noindent (toc, 3): 39.0pt
number noindent (toc, 3): 0.0pt
number indent by \l@... (toc, 3):  84.0pt
text indent by \l@... (toc, 3):  49.20007pt
number indent by parent (toc, 3):  69.0pt
text indent calculated (toc, 3): 39.0pt
number indent calculated (toc, 3): 69.0pt
text noindent (toc, 3): 39.0pt
number noindent (toc, 3): 0.0pt
number indent by \l@... (toc, 3):  84.0pt
text indent by \l@... (toc, 3):  49.20007pt
number indent by parent (toc, 3):  69.0pt
text indent calculated (toc, 3): 39.0pt
number indent calculated (toc, 3): 69.0pt
text noindent (toc, 3): 39.0pt
number noindent (toc, 3): 0.0pt
number indent by \l@... (toc, 3):  84.0pt
text indent by \l@... (toc, 3):  49.20007pt
number indent by parent (toc, 3):  69.0pt
text indent calculated (toc, 3): 39.0pt
number indent calculated (toc, 3): 69.0pt
text noindent (toc, 3): 39.0pt
number noindent (toc, 3): 0.0pt
number indent by \l@... (toc, 1):  18.0pt
text indent by \l@... (toc, 1):  27.60004pt
number indent by parent (toc, 1):  18.0pt
text indent calculated (toc, 1): 21.0pt
number indent calculated (toc, 1): 18.0pt
text noindent (toc, 1): 39.0pt
number noindent (toc, 1): 0.0pt
number indent by \l@... (toc, 2):  45.60004pt
text indent by \l@... (toc, 2):  38.39996pt
number indent by parent (toc, 2):  39.0pt
text indent calculated (toc, 2): 30.0pt
number indent calculated (toc, 2): 39.0pt
text noindent (toc, 2): 39.0pt
number noindent (toc, 2): 0.0pt
number indent by \l@... (toc, 2):  45.60004pt
text indent by \l@... (toc, 2):  38.39996pt
number indent by parent (toc, 2):  39.0pt
text indent calculated (toc, 2): 30.0pt
number indent calculated (toc, 2): 39.0pt
text noindent (toc, 2): 39.0pt
number noindent (toc, 2): 0.0pt
number indent by \l@... (toc, 3):  84.0pt
text indent by \l@... (toc, 3):  49.20007pt
number indent by parent (toc, 3):  69.0pt
text indent calculated (toc, 3): 39.0pt
number indent calculated (toc, 3): 69.0pt
text noindent (toc, 3): 39.0pt
number noindent (toc, 3): 0.0pt
number indent by \l@... (toc, 3):  84.0pt
text indent by \l@... (toc, 3):  49.20007pt
number indent by parent (toc, 3):  69.0pt
text indent calculated (toc, 3): 39.0pt
number indent calculated (toc, 3): 69.0pt
text noindent (toc, 3): 39.0pt
number noindent (toc, 3): 0.0pt
number indent by \l@... (toc, 3):  84.0pt
text indent by \l@... (toc, 3):  49.20007pt
number indent by parent (toc, 3):  69.0pt
text indent calculated (toc, 3): 39.0pt
number indent calculated (toc, 3): 69.0pt
text noindent (toc, 3): 39.0pt
number noindent (toc, 3): 0.0pt
number indent by \l@... (toc, 3):  84.0pt
text indent by \l@... (toc, 3):  49.20007pt
number indent by parent (toc, 3):  69.0pt
text indent calculated (toc, 3): 39.0pt
number indent calculated (toc, 3): 69.0pt
text noindent (toc, 3): 39.0pt
number noindent (toc, 3): 0.0pt
number indent by \l@... (toc, 2):  45.60004pt
text indent by \l@... (toc, 2):  38.39996pt
number indent by parent (toc, 2):  39.0pt
text indent calculated (toc, 2): 30.0pt
number indent calculated (toc, 2): 39.0pt
text noindent (toc, 2): 39.0pt
number noindent (toc, 2): 0.0pt
number indent by \l@... (toc, 1):  18.0pt
text indent by \l@... (toc, 1):  27.60004pt
number indent by parent (toc, 1):  18.0pt
text indent calculated (toc, 1): 21.0pt
number indent calculated (toc, 1): 18.0pt
text noindent (toc, 1): 39.0pt
number noindent (toc, 1): 0.0pt
number indent by \l@... (toc, 2):  45.60004pt
text indent by \l@... (toc, 2):  38.39996pt
number indent by parent (toc, 2):  39.0pt
text indent calculated (toc, 2): 30.0pt
number indent calculated (toc, 2): 39.0pt
text noindent (toc, 2): 39.0pt
number noindent (toc, 2): 0.0pt
number indent by \l@... (toc, 2):  45.60004pt
text indent by \l@... (toc, 2):  38.39996pt
number indent by parent (toc, 2):  39.0pt
text indent calculated (toc, 2): 30.0pt
number indent calculated (toc, 2): 39.0pt
text noindent (toc, 2): 39.0pt
number noindent (toc, 2): 0.0pt
number indent by \l@... (toc, 2):  45.60004pt
text indent by \l@... (toc, 2):  38.39996pt
number indent by parent (toc, 2):  39.0pt
text indent calculated (toc, 2): 30.0pt
number indent calculated (toc, 2): 39.0pt
text noindent (toc, 2): 39.0pt
number noindent (toc, 2): 0.0pt
number indent by \l@... (toc, 0):  0.0pt
text indent by \l@... (toc, 0):  18.0pt
number indent by parent (toc, 0):  0.0pt
text indent calculated (toc, 0): 18.0pt
number indent calculated (toc, 0): 0.0pt
text noindent (toc, 0): 39.0pt
number noindent (toc, 0): 0.0pt
number indent by \l@... (toc, 0):  0.0pt
text indent by \l@... (toc, 0):  18.0pt
number indent by parent (toc, 0):  0.0pt
text indent calculated (toc, 0): 18.0pt
number indent calculated (toc, 0): 0.0pt
text noindent (toc, 0): 39.0pt
number noindent (toc, 0): 0.0pt
number indent by \l@... (toc, 1):  18.0pt
text indent by \l@... (toc, 1):  27.60004pt
number indent by parent (toc, 1):  18.0pt
text indent calculated (toc, 1): 21.0pt
number indent calculated (toc, 1): 18.0pt
text noindent (toc, 1): 39.0pt
number noindent (toc, 1): 0.0pt
number indent by \l@... (toc, 0):  0.0pt
text indent by \l@... (toc, 0):  18.0pt
number indent by parent (toc, 0):  0.0pt
text indent calculated (toc, 0): 18.0pt
number indent calculated (toc, 0): 0.0pt
text noindent (toc, 0): 39.0pt
number noindent (toc, 0): 0.0pt
)
\tf@toc=\write5
\openout5 = `cic-tc.toc'.

 (./chapters/introduction.tex [9

]
Underfull \hbox (badness 10000) has occurred while \output is active
\T1/ptm/m/n/10.95 10
 []

[10

]
Overfull \hbox (3.98885pt too wide) in paragraph at lines 22--23
[]\T1/ptm/m/n/12 This work fol-lows a pre-vi-ous work done at UFRGS in co-op-er
-a-tion with TU-KL ([][]CRIPPA[][],
 []

) (./chapters/definitions.tex [11]
Overfull \hbox (29.27711pt too wide) in paragraph at lines 13--14
\T1/ptm/m/n/12 MOTO; AY-AT-SUKA; HAYASHI[][], [][]1998[][]) and environment-dir
ected ([][]FICKAS; KO-RTUEM; SEGALL[][],
 []


Underfull \hbox (badness 10000) has occurred while \output is active
\T1/ptm/m/n/10.95 12
 []

[12

] [13]
Underfull \hbox (badness 10000) has occurred while \output is active
\T1/ptm/m/n/10.95 14
 []

[14] <figures/entityscope.pdf, id=474, 191.87694pt x 103.85728pt>
File: figures/entityscope.pdf Graphic file (type pdf)

<use figures/entityscope.pdf>
Package pdftex.def Info: figures/entityscope.pdf used on input line 47.
(pdftex.def)             Requested size: 191.87646pt x 103.85701pt.

<figures/advertisement.png, id=480, 694.595pt x 442.65375pt>
File: figures/advertisement.png Graphic file (type png)

<use figures/advertisement.png>
Package pdftex.def Info: figures/advertisement.png used on input line 63.
(pdftex.def)             Requested size: 347.29665pt x 221.32632pt.

<figures/providers.png, id=483, 732.7375pt x 245.91875pt>
File: figures/providers.png Graphic file (type png)

<use figures/providers.png>
Package pdftex.def Info: figures/providers.png used on input line 74.
(pdftex.def)             Requested size: 366.36786pt x 122.95906pt.
 [15 <./figures/entityscope.pdf>]
Underfull \hbox (badness 10000) has occurred while \output is active
\T1/ptm/m/n/10.95 16
 []

[16 <./figures/advertisement.png> <./figures/providers.png>]
<figures/acknack.png, id=519, 578.16pt x 355.3275pt>
File: figures/acknack.png Graphic file (type png)
 <use figures/acknack.png>
Package pdftex.def Info: figures/acknack.png used on input line 85.
(pdftex.def)             Requested size: 289.07928pt x 177.6633pt.

<figures/ctxels.png, id=521, 617.30624pt x 302.12875pt>
File: figures/ctxels.png Graphic file (type png)

<use figures/ctxels.png>
Package pdftex.def Info: figures/ctxels.png used on input line 97.
(pdftex.def)             Requested size: 308.65236pt x 151.064pt.
 [17 <./figures/acknack.png (PNG copy)>]
<figures/contextdatadiagram.png, id=527, 437.635pt x 310.15875pt>
File: figures/contextdatadiagram.png Graphic file (type png)

<use figures/contextdatadiagram.png>
Package pdftex.def Info: figures/contextdatadiagram.png used on input line 112.

(pdftex.def)             Requested size: 218.81696pt x 155.079pt.

Underfull \hbox (badness 10000) has occurred while \output is active
\T1/ptm/m/n/10.95 18
 []

[18 <./figures/ctxels.png> <./figures/contextdatadiagram.png>] [19]
Underfull \hbox (badness 10000) has occurred while \output is active
\T1/ptm/m/n/10.95 20
 []

[20]) (./chapters/development.tex [21]
Underfull \hbox (badness 10000) has occurred while \output is active
\T1/ptm/m/n/10.95 22
 []

[22

]
Overfull \hbox (1.51678pt too wide) in paragraph at lines 23--24
[]\T1/ptm/m/n/12 MongoDB is a document-oriented database, clas-si-fied as NoSQL
. It uses a key-document
 []

<figures/diagram.png, id=626, 493.845pt x 232.87pt>
File: figures/diagram.png Graphic file (type png)
 <use figures/diagram.png>
Package pdftex.def Info: figures/diagram.png used on input line 31.
(pdftex.def)             Requested size: 246.92189pt x 116.43471pt.

<figures/collectionsdiagram.png, id=628, 611.28375pt x 352.31625pt>
File: figures/collectionsdiagram.png Graphic file (type png)

<use figures/collectionsdiagram.png>
Package pdftex.def Info: figures/collectionsdiagram.png used on input line 43.
(pdftex.def)             Requested size: 305.64113pt x 176.15768pt.


LaTeX Warning: `h' float specifier changed to `ht'.

[23 <./figures/diagram.png>]
Underfull \hbox (badness 10000) has occurred while \output is active
\T1/ptm/m/n/10.95 24
 []

[24 <./figures/collectionsdiagram.png>] [25]
Underfull \hbox (badness 10000) has occurred while \output is active
\T1/ptm/m/n/10.95 26
 []

[26] [27]
Underfull \hbox (badness 10000) has occurred while \output is active
\T1/ptm/m/n/10.95 28
 []

[28] [29]
Underfull \hbox (badness 10000) has occurred while \output is active
\T1/ptm/m/n/10.95 30
 []

[30] [31] <figures/usecases.png, id=717, 523.9575pt x 342.27875pt>
File: figures/usecases.png Graphic file (type png)

<use figures/usecases.png>
Package pdftex.def Info: figures/usecases.png used on input line 312.
(pdftex.def)             Requested size: 261.9781pt x 171.13895pt.

<figures/register.png, id=718, 364.36125pt x 108.405pt>
File: figures/register.png Graphic file (type png)

<use figures/register.png>
Package pdftex.def Info: figures/register.png used on input line 321.
(pdftex.def)             Requested size: 182.18018pt x 54.20236pt.

<figures/lookup.png, id=719, 482.80376pt x 209.78375pt>
File: figures/lookup.png Graphic file (type png)

<use figures/lookup.png>
Package pdftex.def Info: figures/lookup.png used on input line 330.
(pdftex.def)             Requested size: 241.40129pt x 104.8916pt.


LaTeX Warning: `h' float specifier changed to `ht'.

<figures/subscribe.png, id=720, 482.80376pt x 209.78375pt>
File: figures/subscribe.png Graphic file (type png)

<use figures/subscribe.png>
Package pdftex.def Info: figures/subscribe.png used on input line 339.
(pdftex.def)             Requested size: 241.40129pt x 104.8916pt.


LaTeX Warning: `h' float specifier changed to `ht'.

<figures/contextdata.png, id=721, 491.8375pt x 315.1775pt>
File: figures/contextdata.png Graphic file (type png)

<use figures/contextdata.png>
Package pdftex.def Info: figures/contextdata.png used on input line 348.
(pdftex.def)             Requested size: 245.91814pt x 157.58836pt.


LaTeX Warning: `h' float specifier changed to `ht'.


Underfull \hbox (badness 10000) has occurred while \output is active
\T1/ptm/m/n/10.95 32
 []

[32 <./figures/usecases.png> <./figures/register.png>] [33 <./figures/lookup.pn
g> <./figures/subscribe.png>]
<figures/brokersystem.png, id=741, 383.4325pt x 362.35374pt>
File: figures/brokersystem.png Graphic file (type png)

<use figures/brokersystem.png>
Package pdftex.def Info: figures/brokersystem.png used on input line 376.
(pdftex.def)             Requested size: 191.71577pt x 181.17642pt.


LaTeX Warning: `h' float specifier changed to `ht'.


Underfull \hbox (badness 10000) has occurred while \output is active
\T1/ptm/m/n/10.95 34
 []

[34 <./figures/contextdata.png>] [35 <./figures/brokersystem.png>]
<figures/protocoldiagram.png, id=758, 983.675pt x 795.97375pt>
File: figures/protocoldiagram.png Graphic file (type png)

<use figures/protocoldiagram.png>
Package pdftex.def Info: figures/protocoldiagram.png used on input line 403.
(pdftex.def)             Requested size: 393.46303pt x 318.38387pt.

Underfull \hbox (badness 10000) has occurred while \output is active
\T1/ptm/m/n/10.95 36
 []

[36 <./figures/protocoldiagram.png>]) (./chapters/tests.tex [37]
<broker.png, id=779, 1351.0475pt x 483.8075pt>
File: broker.png Graphic file (type png)
 <use broker.png>
Package pdftex.def Info: broker.png used on input line 16.
(pdftex.def)             Requested size: 405.31738pt x 145.14337pt.


LaTeX Warning: `h' float specifier changed to `ht'.

<figures/provider.png, id=780, 1319.93124pt x 763.85374pt>
File: figures/provider.png Graphic file (type png)

<use figures/provider.png>
Package pdftex.def Info: figures/provider.png used on input line 24.
(pdftex.def)             Requested size: 395.98242pt x 229.15788pt.


LaTeX Warning: `h' float specifier changed to `ht'.

<figures/consumer.png, id=781, 1319.93124pt x 772.8875pt>
File: figures/consumer.png Graphic file (type png)

<use figures/consumer.png>
Package pdftex.def Info: figures/consumer.png used on input line 32.
(pdftex.def)             Requested size: 395.98242pt x 231.86803pt.


LaTeX Warning: `h' float specifier changed to `ht'.

<figures/brokerprovs.png, id=782, 1351.0475pt x 475.7775pt>
File: figures/brokerprovs.png Graphic file (type png)

<use figures/brokerprovs.png>
Package pdftex.def Info: figures/brokerprovs.png used on input line 40.
(pdftex.def)             Requested size: 405.31738pt x 142.73434pt.


LaTeX Warning: `h' float specifier changed to `ht'.

<figures/registries.png, id=783, 1371.1225pt x 643.40375pt>
File: figures/registries.png Graphic file (type png)

<use figures/registries.png>
Package pdftex.def Info: figures/registries.png used on input line 48.
(pdftex.def)             Requested size: 411.33992pt x 193.02261pt.


LaTeX Warning: `h' float specifier changed to `ht'.

<figures/subscriptions.png, id=784, 1319.93124pt x 394.47375pt>
File: figures/subscriptions.png Graphic file (type png)

<use figures/subscriptions.png>
Package pdftex.def Info: figures/subscriptions.png used on input line 56.
(pdftex.def)             Requested size: 395.98242pt x 118.34303pt.


LaTeX Warning: `h' float specifier changed to `ht'.

<figures/log.png, id=785, 1317.92375pt x 669.50125pt>
File: figures/log.png Graphic file (type png)
 <use figures/log.png>
Package pdftex.def Info: figures/log.png used on input line 64.
(pdftex.def)             Requested size: 395.38017pt x 200.85191pt.


LaTeX Warning: `h' float specifier changed to `ht'.

) (./chapters/conclusion.tex
Underfull \hbox (badness 10000) has occurred while \output is active
\T1/ptm/m/n/10.95 38
 []

[38

] [39 <./broker.png> <./figures/provider.png> <./figures/consumer.png>]
Underfull \hbox (badness 10000) has occurred while \output is active
\T1/ptm/m/n/10.95 40
 []

[40 <./figures/brokerprovs.png> <./figures/registries.png> <./figures/subscript
ions.png>] [41 <./figures/log.png>]
Underfull \hbox (badness 10000) has occurred while \output is active
\T1/ptm/m/n/10.95 42
 []

[42

]) (./cic-tc.bbl [43]
Underfull \hbox (badness 10000) has occurred while \output is active
\T1/ptm/m/n/10.95 44
 []

[44

]
Underfull \hbox (badness 1062) in paragraph at lines 137--139
[]\T1/ptm/m/n/12 JETBRAINS. \T1/ptm/b/n/12 Py-Charm - A Python IDE\T1/ptm/m/n/1
2 . 2015. Avail-able at: 
 []

[45]) 
AED: lastpage setting LastPage

Underfull \hbox (badness 10000) has occurred while \output is active
\T1/ptm/m/n/10.95 46
 []

[46]
Package atveryend Info: Empty hook `BeforeClearDocument' on input line 231.
Package atveryend Info: Empty hook `AfterLastShipout' on input line 231.
 (./cic-tc.aux)
Package atveryend Info: Executing hook `AtVeryEndDocument' on input line 231.
Package atveryend Info: Executing hook `AtEndAfterFileList' on input line 231.
Package rerunfilecheck Info: File `cic-tc.out' has not changed.
(rerunfilecheck)             Checksum: B73E980B489637FE7F4C06F41A928D70;9916.
Package atveryend Info: Empty hook `AtVeryVeryEnd' on input line 231.
 ) 
Here is how much of TeX's memory you used:
 18197 strings out of 495034
 296751 string characters out of 6181677
 355636 words of memory out of 5000000
 20914 multiletter control sequences out of 15000+600000
 32650 words of font info for 40 fonts, out of 8000000 for 9000
 14 hyphenation exceptions out of 8191
 52i,7n,45p,10387b,601s stack positions out of 5000i,500n,10000p,200000b,80000s
{/usr/share/texlive/texmf-dist/fonts/enc/dvips/base/8r.enc}</usr/share/texliv
e/texmf-dist/fonts/type1/public/amsfonts/cm/cmmi12.pfb></usr/share/texlive/texm
f-dist/fonts/type1/public/amsfonts/cm/cmmi8.pfb></usr/share/texlive/texmf-dist/
fonts/type1/public/amsfonts/cm/cmsy10.pfb></usr/share/texlive/texmf-dist/fonts/
type1/urw/helvetic/uhvro8a.pfb></usr/share/texlive/texmf-dist/fonts/type1/urw/t
imes/utmb8a.pfb></usr/share/texlive/texmf-dist/fonts/type1/urw/times/utmr8a.pfb
></usr/share/texlive/texmf-dist/fonts/type1/urw/times/utmri8a.pfb>
Output written on cic-tc.pdf (46 pages, 1038825 bytes).
PDF statistics:
 907 PDF objects out of 1000 (max. 8388607)
 794 compressed objects within 8 object streams
 206 named destinations out of 1000 (max. 500000)
 543 words of extra memory for PDF output out of 10000 (max. 10000000)

