\BOOKMARK [0][-]{MUTESCHAPTER.1.0}{\376\377\000A\000b\000s\000t\000r\000a\000c\000t}{}% 1
\BOOKMARK [0][-]{MUTESCHAPTER.2.0}{\376\377\000R\000e\000s\000u\000m\000o}{}% 2
\BOOKMARK [0][-]{MUTESCHAPTER.3.0}{\376\377\000L\000i\000s\000t\000\040\000o\000f\000\040\000F\000i\000g\000u\000r\000e\000s}{}% 3
\BOOKMARK [0][-]{MUTESCHAPTER.4.0}{\376\377\000L\000i\000s\000t\000\040\000o\000f\000\040\000A\000b\000b\000r\000e\000v\000i\000a\000t\000i\000o\000n\000s\000\040\000a\000n\000d\000\040\000A\000c\000r\000o\000n\000y\000m\000s}{}% 4
\BOOKMARK [0][-]{MUTESCHAPTER.5.0}{\376\377\000C\000o\000n\000t\000e\000n\000t\000s}{}% 5
\BOOKMARK [0][-]{CHAPTER.1}{\376\377\0001\000\040\000I\000n\000t\000r\000o\000d\000u\000c\000t\000i\000o\000n}{}% 6
\BOOKMARK [0][-]{CHAPTER.2}{\376\377\0002\000\040\000D\000e\000f\000i\000n\000i\000t\000i\000o\000n\000s}{}% 7
\BOOKMARK [1][-]{section.2.1}{\376\377\0002\000.\0001\000\040\000C\000o\000n\000t\000e\000x\000t}{CHAPTER.2}% 8
\BOOKMARK [2][-]{subsection.2.1.1}{\376\377\0002\000.\0001\000.\0001\000\040\000C\000o\000n\000t\000e\000x\000t\000-\000A\000w\000a\000r\000e\000\040\000S\000y\000s\000t\000e\000m}{section.2.1}% 9
\BOOKMARK [2][-]{subsection.2.1.2}{\376\377\0002\000.\0001\000.\0002\000\040\000H\000o\000w\000\040\000t\000o\000\040\000r\000e\000p\000r\000e\000s\000e\000n\000t\000\040\000C\000o\000n\000t\000e\000x\000t}{section.2.1}% 10
\BOOKMARK [2][-]{subsection.2.1.3}{\376\377\0002\000.\0001\000.\0003\000\040\000C\000o\000n\000t\000e\000x\000t\000M\000L}{section.2.1}% 11
\BOOKMARK [3][-]{subsubsection.2.1.3.1}{\376\377\0002\000.\0001\000.\0003\000.\0001\000\040\000C\000o\000n\000t\000e\000x\000t\000\040\000P\000r\000o\000v\000i\000d\000e\000r}{subsection.2.1.3}% 12
\BOOKMARK [3][-]{subsubsection.2.1.3.2}{\376\377\0002\000.\0001\000.\0003\000.\0002\000\040\000C\000o\000n\000t\000e\000x\000t\000\040\000C\000o\000n\000s\000u\000m\000e\000r}{subsection.2.1.3}% 13
\BOOKMARK [3][-]{subsubsection.2.1.3.3}{\376\377\0002\000.\0001\000.\0003\000.\0003\000\040\000C\000o\000n\000t\000e\000x\000t\000\040\000B\000r\000o\000k\000e\000r}{subsection.2.1.3}% 14
\BOOKMARK [3][-]{subsubsection.2.1.3.4}{\376\377\0002\000.\0001\000.\0003\000.\0004\000\040\000E\000n\000t\000i\000t\000y\000\040\000a\000n\000d\000\040\000S\000c\000o\000p\000e}{subsection.2.1.3}% 15
\BOOKMARK [3][-]{subsubsection.2.1.3.5}{\376\377\0002\000.\0001\000.\0003\000.\0005\000\040\000C\000o\000n\000t\000e\000x\000t\000M\000L\000\040\000M\000e\000s\000s\000a\000g\000e\000s}{subsection.2.1.3}% 16
\BOOKMARK [1][-]{section.2.2}{\376\377\0002\000.\0002\000\040\000D\000e\000p\000e\000n\000d\000a\000b\000i\000l\000i\000t\000y}{CHAPTER.2}% 17
\BOOKMARK [2][-]{subsection.2.2.1}{\376\377\0002\000.\0002\000.\0001\000\040\000F\000a\000u\000l\000t\000\040\000T\000o\000l\000e\000r\000a\000n\000c\000e}{section.2.2}% 18
\BOOKMARK [2][-]{subsection.2.2.2}{\376\377\0002\000.\0002\000.\0002\000\040\000H\000i\000g\000h\000\040\000A\000v\000a\000i\000l\000a\000b\000i\000l\000i\000t\000y}{section.2.2}% 19
\BOOKMARK [3][-]{subsubsection.2.2.2.1}{\376\377\0002\000.\0002\000.\0002\000.\0001\000\040\000P\000r\000o\000b\000l\000e\000m\000s\000\040\000i\000n\000v\000o\000l\000v\000i\000n\000g\000\040\000H\000i\000g\000h\000\040\000A\000v\000a\000i\000l\000a\000b\000i\000l\000i\000t\000y}{subsection.2.2.2}% 20
\BOOKMARK [1][-]{section.2.3}{\376\377\0002\000.\0003\000\040\000P\000r\000o\000p\000o\000s\000e\000d\000\040\000I\000d\000e\000a}{CHAPTER.2}% 21
\BOOKMARK [0][-]{CHAPTER.3}{\376\377\0003\000\040\000D\000e\000s\000i\000g\000n\000\040\000a\000n\000d\000\040\000I\000m\000p\000l\000e\000m\000e\000n\000t\000a\000t\000i\000o\000n}{}% 22
\BOOKMARK [1][-]{section.3.1}{\376\377\0003\000.\0001\000\040\000D\000e\000s\000i\000g\000n\000\040\000a\000n\000d\000\040\000I\000m\000p\000l\000e\000m\000e\000n\000t\000a\000t\000i\000o\000n\000\040\000o\000f\000\040\000t\000h\000e\000\040\000C\000o\000n\000t\000e\000x\000t\000\040\000B\000r\000o\000k\000e\000r}{CHAPTER.3}% 23
\BOOKMARK [2][-]{subsection.3.1.1}{\376\377\0003\000.\0001\000.\0001\000\040\000P\000l\000a\000t\000f\000o\000r\000m\000\040\000C\000h\000o\000i\000c\000e}{section.3.1}% 24
\BOOKMARK [3][-]{subsubsection.3.1.1.1}{\376\377\0003\000.\0001\000.\0001\000.\0001\000\040\000P\000y\000t\000h\000o\000n\000,\000\040\000P\000y\000C\000h\000a\000r\000m\000\040\000a\000n\000d\000\040\000G\000i\000t\000H\000u\000b}{subsection.3.1.1}% 25
\BOOKMARK [3][-]{subsubsection.3.1.1.2}{\376\377\0003\000.\0001\000.\0001\000.\0002\000\040\000F\000l\000a\000s\000k}{subsection.3.1.1}% 26
\BOOKMARK [3][-]{subsubsection.3.1.1.3}{\376\377\0003\000.\0001\000.\0001\000.\0003\000\040\000M\000o\000n\000g\000o\000D\000B}{subsection.3.1.1}% 27
\BOOKMARK [2][-]{subsection.3.1.2}{\376\377\0003\000.\0001\000.\0002\000\040\000S\000y\000s\000t\000e\000m\000\040\000A\000r\000c\000h\000i\000t\000e\000c\000t\000u\000r\000e}{section.3.1}% 28
\BOOKMARK [2][-]{subsection.3.1.3}{\376\377\0003\000.\0001\000.\0003\000\040\000B\000r\000o\000k\000e\000r\000\040\000I\000n\000t\000e\000r\000f\000a\000c\000e\000s}{section.3.1}% 29
\BOOKMARK [3][-]{subsubsection.3.1.3.1}{\376\377\0003\000.\0001\000.\0003\000.\0001\000\040\000A\000d\000v\000e\000r\000t\000i\000s\000e\000m\000e\000n\000t}{subsection.3.1.3}% 30
\BOOKMARK [3][-]{subsubsection.3.1.3.2}{\376\377\0003\000.\0001\000.\0003\000.\0002\000\040\000U\000p\000d\000a\000t\000e}{subsection.3.1.3}% 31
\BOOKMARK [3][-]{subsubsection.3.1.3.3}{\376\377\0003\000.\0001\000.\0003\000.\0003\000\040\000G\000e\000t\000\040\000P\000r\000o\000v\000i\000d\000e\000r\000s}{subsection.3.1.3}% 32
\BOOKMARK [3][-]{subsubsection.3.1.3.4}{\376\377\0003\000.\0001\000.\0003\000.\0004\000\040\000G\000e\000t\000\040\000C\000o\000n\000t\000e\000x\000t}{subsection.3.1.3}% 33
\BOOKMARK [3][-]{subsubsection.3.1.3.5}{\376\377\0003\000.\0001\000.\0003\000.\0005\000\040\000S\000u\000b\000s\000c\000r\000i\000b\000e}{subsection.3.1.3}% 34
\BOOKMARK [1][-]{section.3.2}{\376\377\0003\000.\0002\000\040\000U\000M\000L\000\040\000r\000e\000p\000r\000e\000s\000e\000n\000t\000a\000t\000i\000o\000n}{CHAPTER.3}% 35
\BOOKMARK [2][-]{subsection.3.2.1}{\376\377\0003\000.\0002\000.\0001\000\040\000U\000s\000e\000\040\000C\000a\000s\000e\000\040\000R\000e\000q\000u\000i\000r\000e\000m\000e\000n\000t\000s}{section.3.2}% 36
\BOOKMARK [2][-]{subsection.3.2.2}{\376\377\0003\000.\0002\000.\0002\000\040\000U\000s\000e\000\040\000C\000a\000s\000e\000s}{section.3.2}% 37
\BOOKMARK [3][-]{subsubsection.3.2.2.1}{\376\377\0003\000.\0002\000.\0002\000.\0001\000\040\000R\000e\000g\000i\000s\000t\000e\000r\000\040\000o\000f\000\040\000P\000r\000o\000v\000i\000d\000e\000r\000s}{subsection.3.2.2}% 38
\BOOKMARK [3][-]{subsubsection.3.2.2.2}{\376\377\0003\000.\0002\000.\0002\000.\0002\000\040\000P\000r\000o\000v\000i\000d\000e\000r\000\040\000L\000o\000o\000k\000u\000p\000\040\000s\000e\000r\000v\000i\000c\000e}{subsection.3.2.2}% 39
\BOOKMARK [3][-]{subsubsection.3.2.2.3}{\376\377\0003\000.\0002\000.\0002\000.\0003\000\040\000S\000u\000b\000s\000c\000r\000i\000b\000e\000\040\000C\000o\000n\000s\000u\000m\000e\000r\000\040\000t\000o\000\040\000d\000a\000t\000a}{subsection.3.2.2}% 40
\BOOKMARK [3][-]{subsubsection.3.2.2.4}{\376\377\0003\000.\0002\000.\0002\000.\0004\000\040\000C\000o\000n\000t\000e\000x\000t\000\040\000d\000a\000t\000a\000\040\000i\000n\000t\000e\000r\000a\000c\000t\000i\000o\000n\000s}{subsection.3.2.2}% 41
\BOOKMARK [1][-]{section.3.3}{\376\377\0003\000.\0003\000\040\000I\000n\000t\000r\000o\000d\000u\000c\000i\000n\000g\000\040\000H\000i\000g\000h\000\040\000A\000v\000a\000i\000l\000a\000b\000i\000l\000i\000t\000y\000\040\000T\000e\000c\000h\000n\000i\000q\000u\000e}{CHAPTER.3}% 42
\BOOKMARK [2][-]{subsection.3.3.1}{\376\377\0003\000.\0003\000.\0001\000\040\000O\000b\000j\000e\000c\000t\000i\000v\000e}{section.3.3}% 43
\BOOKMARK [2][-]{subsection.3.3.2}{\376\377\0003\000.\0003\000.\0002\000\040\000D\000e\000s\000i\000g\000n}{section.3.3}% 44
\BOOKMARK [2][-]{subsection.3.3.3}{\376\377\0003\000.\0003\000.\0003\000\040\000P\000r\000o\000t\000o\000c\000o\000l\000\040\000c\000r\000e\000a\000t\000e\000d}{section.3.3}% 45
\BOOKMARK [0][-]{CHAPTER.4}{\376\377\0004\000\040\000T\000e\000s\000t\000s}{}% 46
\BOOKMARK [0][-]{CHAPTER.5}{\376\377\0005\000\040\000C\000o\000n\000c\000l\000u\000s\000i\000o\000n}{}% 47
\BOOKMARK [1][-]{section.5.1}{\376\377\0005\000.\0001\000\040\000F\000u\000t\000u\000r\000e\000\040\000W\000o\000r\000k}{CHAPTER.5}% 48
\BOOKMARK [0][-]{schapter.6}{\376\377\000R\000e\000f\000e\000r\000e\000n\000c\000e\000s}{}% 49
